2025-09-24 06:14:52,080 - ERROR - 获取Hadoop容器数量失败: __init__() got an unexpected keyword argument 'text'
2025-09-24 06:14:52,080 - INFO - 当前任务数: 0, 当前容器组数: 1
06:20:12 - INFO - Starting MLU inference server...
06:20:12 - INFO -  * Running on http://0.0.0.0:8800/ (Press CTRL+C to quit)
06:20:12 - INFO - 当前任务数: 0, 当前容器组数: 1
06:20:22 - INFO - 当前任务数: 0, 当前容器组数: 1
06:20:32 - INFO - 当前任务数: 0, 当前容器组数: 1
06:20:42 - INFO - 当前任务数: 0, 当前容器组数: 1
06:20:52 - INFO - 当前任务数: 0, 当前容器组数: 1
06:21:02 - INFO - 当前任务数: 0, 当前容器组数: 1
06:21:12 - INFO - 当前任务数: 0, 当前容器组数: 1
06:21:22 - INFO - 当前任务数: 0, 当前容器组数: 1
06:21:32 - INFO - 当前任务数: 0, 当前容器组数: 1
06:21:42 - INFO - 当前任务数: 0, 当前容器组数: 1
06:21:53 - INFO - 当前任务数: 0, 当前容器组数: 1
06:22:03 - INFO - 当前任务数: 0, 当前容器组数: 1
06:22:13 - INFO - 当前任务数: 0, 当前容器组数: 1
06:22:23 - INFO - 当前任务数: 0, 当前容器组数: 1
06:22:33 - INFO - 当前任务数: 0, 当前容器组数: 1
06:22:43 - INFO - 当前任务数: 0, 当前容器组数: 1
06:22:53 - INFO - 当前任务数: 0, 当前容器组数: 1
06:23:03 - INFO - 当前任务数: 0, 当前容器组数: 1
06:23:13 - INFO - 当前任务数: 0, 当前容器组数: 1
06:23:23 - INFO - 当前任务数: 0, 当前容器组数: 1
06:23:33 - INFO - 当前任务数: 0, 当前容器组数: 1
06:23:43 - INFO - 当前任务数: 0, 当前容器组数: 1
06:23:53 - INFO - 当前任务数: 0, 当前容器组数: 1
06:24:03 - INFO - 当前任务数: 0, 当前容器组数: 1
06:24:13 - INFO - 当前任务数: 0, 当前容器组数: 1
06:24:23 - INFO - 当前任务数: 0, 当前容器组数: 1
06:24:34 - INFO - 当前任务数: 0, 当前容器组数: 1
06:24:44 - INFO - 当前任务数: 0, 当前容器组数: 1
06:24:54 - INFO - 当前任务数: 0, 当前容器组数: 1
06:25:04 - INFO - 当前任务数: 0, 当前容器组数: 1
06:25:14 - INFO - 当前任务数: 0, 当前容器组数: 1
06:25:24 - INFO - 当前任务数: 0, 当前容器组数: 1
06:25:34 - INFO - 当前任务数: 0, 当前容器组数: 1
06:25:44 - INFO - 当前任务数: 0, 当前容器组数: 1
06:25:54 - INFO - 当前任务数: 0, 当前容器组数: 1
06:26:04 - INFO - 当前任务数: 0, 当前容器组数: 1
06:26:14 - INFO - 当前任务数: 0, 当前容器组数: 1
06:26:24 - INFO - 当前任务数: 0, 当前容器组数: 1
06:26:34 - INFO - 当前任务数: 0, 当前容器组数: 1
06:26:44 - INFO - 当前任务数: 0, 当前容器组数: 1
06:26:54 - INFO - 当前任务数: 0, 当前容器组数: 1
06:27:04 - INFO - 当前任务数: 0, 当前容器组数: 1
06:27:15 - INFO - 当前任务数: 0, 当前容器组数: 1
06:27:25 - INFO - 当前任务数: 0, 当前容器组数: 1
06:27:35 - INFO - 当前任务数: 0, 当前容器组数: 1
06:27:45 - INFO - 当前任务数: 0, 当前容器组数: 1
06:27:55 - INFO - 当前任务数: 0, 当前容器组数: 1
06:28:05 - INFO - 当前任务数: 0, 当前容器组数: 1
06:28:15 - INFO - 当前任务数: 0, 当前容器组数: 1
06:28:25 - INFO - 当前任务数: 0, 当前容器组数: 1
06:28:35 - INFO - 当前任务数: 0, 当前容器组数: 1
06:28:45 - INFO - 当前任务数: 0, 当前容器组数: 1
06:28:55 - INFO - 当前任务数: 0, 当前容器组数: 1
06:29:05 - INFO - 当前任务数: 0, 当前容器组数: 1
06:29:15 - INFO - 当前任务数: 0, 当前容器组数: 1
06:29:25 - INFO - 当前任务数: 0, 当前容器组数: 1
06:29:35 - INFO - 当前任务数: 0, 当前容器组数: 1
06:29:45 - INFO - 当前任务数: 0, 当前容器组数: 1
06:29:55 - INFO - 当前任务数: 0, 当前容器组数: 1
06:30:06 - INFO - 当前任务数: 0, 当前容器组数: 1
06:30:16 - INFO - 当前任务数: 0, 当前容器组数: 1
06:30:26 - INFO - 当前任务数: 0, 当前容器组数: 1
06:30:36 - INFO - 当前任务数: 0, 当前容器组数: 1
06:30:46 - INFO - 当前任务数: 0, 当前容器组数: 1
06:30:56 - INFO - 当前任务数: 0, 当前容器组数: 1
06:31:06 - INFO - 当前任务数: 0, 当前容器组数: 1
06:31:16 - INFO - 当前任务数: 0, 当前容器组数: 1
06:31:26 - INFO - 当前任务数: 0, 当前容器组数: 1
06:31:36 - INFO - 当前任务数: 0, 当前容器组数: 1
06:31:46 - INFO - 当前任务数: 0, 当前容器组数: 1
06:31:56 - INFO - 当前任务数: 0, 当前容器组数: 1
06:32:06 - INFO - 当前任务数: 0, 当前容器组数: 1
06:32:16 - INFO - 当前任务数: 0, 当前容器组数: 1
06:32:26 - INFO - 当前任务数: 0, 当前容器组数: 1
06:32:36 - INFO - 当前任务数: 0, 当前容器组数: 1
06:32:46 - INFO - 当前任务数: 0, 当前容器组数: 1
06:32:57 - INFO - 当前任务数: 0, 当前容器组数: 1
06:33:07 - INFO - 当前任务数: 0, 当前容器组数: 1
06:33:17 - INFO - 当前任务数: 0, 当前容器组数: 1
06:33:27 - INFO - 当前任务数: 0, 当前容器组数: 1
06:33:37 - INFO - 当前任务数: 0, 当前容器组数: 1
06:33:47 - INFO - 当前任务数: 0, 当前容器组数: 1
06:33:57 - INFO - 当前任务数: 0, 当前容器组数: 1
06:34:07 - INFO - 当前任务数: 0, 当前容器组数: 1
06:34:17 - INFO - 当前任务数: 0, 当前容器组数: 1
06:34:27 - INFO - 当前任务数: 0, 当前容器组数: 1
06:34:37 - INFO - 当前任务数: 0, 当前容器组数: 1
06:34:47 - INFO - 当前任务数: 0, 当前容器组数: 1
06:34:50 - INFO - Received /hadoop request: {'input': 'input/input1', 'output': 'output/output1', 'callback_url': 'http://10.208.16.106:40633/client/callback'}
06:34:50 - INFO - 10.208.16.106 - - [24/Sep/2025 06:34:50] "[37mPOST /hadoop HTTP/1.1[0m" 200 -
06:34:51 - INFO - 执行任务: docker exec -d hadoop-master-0 bash -c 'sh /root/run-wordcount2.sh input/input1 output/output1 92750606-9910-11f0-beaa-0242ac110002'
06:34:57 - INFO - 当前任务数: 1, 当前容器组数: 1
06:35:07 - INFO - 当前任务数: 1, 当前容器组数: 1
06:35:17 - INFO - 当前任务数: 1, 当前容器组数: 1
06:35:27 - INFO - 当前任务数: 1, 当前容器组数: 1
06:35:31 - INFO - 任务完成: 92750606-9910-11f0-beaa-0242ac110002, 结果: 任务执行成功
06:35:31 - INFO - 回调结果发送成功 92750606-9910-11f0-beaa-0242ac110002: 200
06:35:38 - INFO - 当前任务数: 0, 当前容器组数: 1
06:35:48 - INFO - 当前任务数: 0, 当前容器组数: 1
06:35:58 - INFO - 当前任务数: 0, 当前容器组数: 1
06:36:08 - INFO - 当前任务数: 0, 当前容器组数: 1
06:36:18 - INFO - 当前任务数: 0, 当前容器组数: 1
06:36:28 - INFO - 当前任务数: 0, 当前容器组数: 1
06:36:38 - INFO - 当前任务数: 0, 当前容器组数: 1
07:09:32 - INFO - Starting MLU inference server...
07:09:32 - INFO -  * Running on http://0.0.0.0:8800/ (Press CTRL+C to quit)
07:09:32 - INFO - 当前任务数: 0, 当前容器组数: 1
07:09:42 - INFO - 当前任务数: 0, 当前容器组数: 1
07:09:52 - INFO - 当前任务数: 0, 当前容器组数: 1
07:09:55 - INFO - Received /hadoop request: {'input': 'input/input1', 'output': 'output/output1', 'callback_url': 'http://10.208.16.106:39535/client/callback'}
07:09:55 - INFO - 10.208.16.106 - - [24/Sep/2025 07:09:55] "[37mPOST /hadoop HTTP/1.1[0m" 200 -
07:09:56 - INFO - 执行任务: docker exec -d hadoop-master-0 bash -c 'sh /root/run-wordcount2.sh input/input1 output/output1 79552a0c-9915-11f0-85ff-0242ac110002'
07:10:02 - INFO - 当前任务数: 1, 当前容器组数: 1
07:10:12 - INFO - 当前任务数: 1, 当前容器组数: 1
07:10:22 - INFO - 当前任务数: 1, 当前容器组数: 1
07:10:32 - INFO - 当前任务数: 1, 当前容器组数: 1
07:10:42 - INFO - 当前任务数: 1, 当前容器组数: 1
07:10:52 - INFO - 当前任务数: 1, 当前容器组数: 1
07:11:02 - INFO - 当前任务数: 1, 当前容器组数: 1
07:11:12 - INFO - 当前任务数: 1, 当前容器组数: 1
07:11:22 - INFO - 当前任务数: 1, 当前容器组数: 1
07:11:33 - INFO - 当前任务数: 1, 当前容器组数: 1
07:11:43 - INFO - 当前任务数: 1, 当前容器组数: 1
07:11:53 - INFO - 当前任务数: 1, 当前容器组数: 1
07:12:03 - INFO - 当前任务数: 1, 当前容器组数: 1
07:12:13 - INFO - 当前任务数: 1, 当前容器组数: 1
07:12:23 - INFO - 当前任务数: 1, 当前容器组数: 1
07:12:33 - INFO - 当前任务数: 1, 当前容器组数: 1
07:12:43 - INFO - 当前任务数: 1, 当前容器组数: 1
07:12:53 - INFO - 当前任务数: 1, 当前容器组数: 1
07:13:03 - INFO - 当前任务数: 1, 当前容器组数: 1
07:13:13 - INFO - 当前任务数: 1, 当前容器组数: 1
07:13:23 - INFO - 当前任务数: 1, 当前容器组数: 1
07:13:33 - INFO - 当前任务数: 1, 当前容器组数: 1
07:13:43 - INFO - 当前任务数: 1, 当前容器组数: 1
07:13:53 - INFO - 当前任务数: 1, 当前容器组数: 1
07:14:03 - INFO - 当前任务数: 1, 当前容器组数: 1
07:14:14 - INFO - 当前任务数: 1, 当前容器组数: 1
07:14:24 - INFO - 当前任务数: 1, 当前容器组数: 1
07:14:34 - INFO - 当前任务数: 1, 当前容器组数: 1
07:14:44 - INFO - 当前任务数: 1, 当前容器组数: 1
07:14:54 - INFO - 当前任务数: 1, 当前容器组数: 1
07:15:04 - INFO - 当前任务数: 1, 当前容器组数: 1
07:15:14 - INFO - 当前任务数: 1, 当前容器组数: 1
07:15:24 - INFO - 当前任务数: 1, 当前容器组数: 1
07:15:34 - INFO - 当前任务数: 1, 当前容器组数: 1
07:15:44 - INFO - 当前任务数: 1, 当前容器组数: 1
07:15:54 - INFO - 当前任务数: 1, 当前容器组数: 1
07:16:04 - INFO - 当前任务数: 1, 当前容器组数: 1
07:16:14 - INFO - 当前任务数: 1, 当前容器组数: 1
07:16:24 - INFO - 当前任务数: 1, 当前容器组数: 1
07:16:34 - INFO - 当前任务数: 1, 当前容器组数: 1
07:16:44 - INFO - 当前任务数: 1, 当前容器组数: 1
07:16:55 - INFO - 当前任务数: 1, 当前容器组数: 1
07:17:05 - INFO - 当前任务数: 1, 当前容器组数: 1
07:17:15 - INFO - 当前任务数: 1, 当前容器组数: 1
07:17:25 - INFO - 当前任务数: 1, 当前容器组数: 1
07:17:35 - INFO - 当前任务数: 1, 当前容器组数: 1
07:17:45 - INFO - 当前任务数: 1, 当前容器组数: 1
07:17:55 - INFO - 当前任务数: 1, 当前容器组数: 1
07:18:05 - INFO - 当前任务数: 1, 当前容器组数: 1
07:18:15 - INFO - 当前任务数: 1, 当前容器组数: 1
07:18:25 - INFO - 当前任务数: 1, 当前容器组数: 1
07:18:35 - INFO - 当前任务数: 1, 当前容器组数: 1
07:18:45 - INFO - 当前任务数: 1, 当前容器组数: 1
07:18:55 - INFO - 当前任务数: 1, 当前容器组数: 1
07:19:05 - INFO - 当前任务数: 1, 当前容器组数: 1
07:19:15 - INFO - 当前任务数: 1, 当前容器组数: 1
07:19:25 - INFO - 当前任务数: 1, 当前容器组数: 1
07:20:48 - INFO - Starting MLU inference server...
07:20:48 - INFO -  * Running on http://0.0.0.0:8800/ (Press CTRL+C to quit)
07:20:48 - INFO - 当前任务数: 0, 当前容器组数: 1
07:20:57 - INFO - Received /hadoop request: {'input': 'input/input1', 'output': 'output/output1', 'callback_url': 'http://10.208.16.106:36391/client/callback'}
07:20:57 - INFO - 10.208.16.106 - - [24/Sep/2025 07:20:57] "[37mPOST /hadoop HTTP/1.1[0m" 200 -
07:20:58 - INFO - 执行任务: docker exec -d hadoop-master-0 bash -c 'sh /root/run-wordcount2.sh input/input1 output/output1 03c567be-9917-11f0-8554-0242ac110002'
07:20:58 - INFO - 当前任务数: 1, 当前容器组数: 1
07:21:08 - INFO - 当前任务数: 1, 当前容器组数: 1
07:21:18 - INFO - 当前任务数: 1, 当前容器组数: 1
07:21:28 - INFO - 当前任务数: 1, 当前容器组数: 1
07:21:39 - INFO - 当前任务数: 1, 当前容器组数: 1
07:21:43 - INFO - 日志文件尚未生成或为空: logs/03c567be-9917-11f0-8554-0242ac110002.txt，等待重试...
07:21:48 - INFO - 日志文件尚未生成或为空: logs/03c567be-9917-11f0-8554-0242ac110002.txt，等待重试...
07:21:49 - INFO - 当前任务数: 1, 当前容器组数: 1
07:21:53 - INFO - 日志文件尚未生成或为空: logs/03c567be-9917-11f0-8554-0242ac110002.txt，等待重试...
07:21:58 - INFO - 日志文件尚未生成或为空: logs/03c567be-9917-11f0-8554-0242ac110002.txt，等待重试...
07:21:59 - INFO - 当前任务数: 1, 当前容器组数: 1
07:22:03 - INFO - 日志文件尚未生成或为空: logs/03c567be-9917-11f0-8554-0242ac110002.txt，等待重试...
07:22:08 - INFO - 日志文件尚未生成或为空: logs/03c567be-9917-11f0-8554-0242ac110002.txt，等待重试...
07:22:09 - INFO - 当前任务数: 1, 当前容器组数: 1
07:22:13 - INFO - 日志文件尚未生成或为空: logs/03c567be-9917-11f0-8554-0242ac110002.txt，等待重试...
07:22:18 - INFO - 日志文件尚未生成或为空: logs/03c567be-9917-11f0-8554-0242ac110002.txt，等待重试...
07:22:19 - INFO - 当前任务数: 1, 当前容器组数: 1
07:22:23 - INFO - 日志文件尚未生成或为空: logs/03c567be-9917-11f0-8554-0242ac110002.txt，等待重试...
07:22:28 - INFO - 日志文件尚未生成或为空: logs/03c567be-9917-11f0-8554-0242ac110002.txt，等待重试...
07:22:29 - INFO - 当前任务数: 1, 当前容器组数: 1
07:22:34 - INFO - 日志文件尚未生成或为空: logs/03c567be-9917-11f0-8554-0242ac110002.txt，等待重试...
07:22:39 - INFO - 日志文件尚未生成或为空: logs/03c567be-9917-11f0-8554-0242ac110002.txt，等待重试...
07:22:39 - INFO - 当前任务数: 1, 当前容器组数: 1
07:22:44 - INFO - 日志文件尚未生成或为空: logs/03c567be-9917-11f0-8554-0242ac110002.txt，等待重试...
07:27:30 - INFO - Starting MLU inference server...
07:27:30 - INFO -  * Running on http://0.0.0.0:8800/ (Press CTRL+C to quit)
07:27:30 - INFO - 当前任务数: 0, 当前容器组数: 1
07:27:40 - INFO - 当前任务数: 0, 当前容器组数: 1
07:27:47 - INFO - Received /hadoop request: {'input': 'input/input1', 'output': 'output/output1', 'callback_url': 'http://10.208.16.106:33057/client/callback'}
07:27:47 - INFO - 10.208.16.106 - - [24/Sep/2025 07:27:47] "[37mPOST /hadoop HTTP/1.1[0m" 200 -
07:27:48 - INFO - 执行任务: docker exec -d hadoop-master-0 bash -c 'sh /root/run-wordcount2.sh input/input1 output/output1 f84b173e-9917-11f0-ba1e-0242ac110002'
07:27:48 - INFO - 日志文件根目录: /home/wzy/hadoop-cluster-docker/logs
07:27:50 - INFO - 当前任务数: 1, 当前容器组数: 1
07:28:00 - INFO - 当前任务数: 1, 当前容器组数: 1
07:28:10 - INFO - 当前任务数: 1, 当前容器组数: 1
07:28:20 - INFO - 当前任务数: 1, 当前容器组数: 1
07:28:28 - INFO - 尝试读取日志文件: /home/wzy/hadoop-cluster-docker/logs/logs/f84b173e-9917-11f0-ba1e-0242ac110002.txt
07:28:28 - INFO - 日志文件尚未生成: /home/wzy/hadoop-cluster-docker/logs/logs/f84b173e-9917-11f0-ba1e-0242ac110002.txt，等待重试...
07:28:30 - INFO - 当前任务数: 1, 当前容器组数: 1
07:28:33 - INFO - 尝试读取日志文件: /home/wzy/hadoop-cluster-docker/logs/logs/f84b173e-9917-11f0-ba1e-0242ac110002.txt
07:28:33 - INFO - 日志文件尚未生成: /home/wzy/hadoop-cluster-docker/logs/logs/f84b173e-9917-11f0-ba1e-0242ac110002.txt，等待重试...
07:28:38 - INFO - 尝试读取日志文件: /home/wzy/hadoop-cluster-docker/logs/logs/f84b173e-9917-11f0-ba1e-0242ac110002.txt
07:28:38 - INFO - 日志文件尚未生成: /home/wzy/hadoop-cluster-docker/logs/logs/f84b173e-9917-11f0-ba1e-0242ac110002.txt，等待重试...
07:28:40 - INFO - 当前任务数: 1, 当前容器组数: 1
07:28:43 - INFO - 尝试读取日志文件: /home/wzy/hadoop-cluster-docker/logs/logs/f84b173e-9917-11f0-ba1e-0242ac110002.txt
07:28:43 - INFO - 日志文件尚未生成: /home/wzy/hadoop-cluster-docker/logs/logs/f84b173e-9917-11f0-ba1e-0242ac110002.txt，等待重试...
07:28:48 - INFO - 尝试读取日志文件: /home/wzy/hadoop-cluster-docker/logs/logs/f84b173e-9917-11f0-ba1e-0242ac110002.txt
07:28:48 - INFO - 日志文件尚未生成: /home/wzy/hadoop-cluster-docker/logs/logs/f84b173e-9917-11f0-ba1e-0242ac110002.txt，等待重试...
07:28:50 - INFO - 当前任务数: 1, 当前容器组数: 1
07:28:53 - INFO - 尝试读取日志文件: /home/wzy/hadoop-cluster-docker/logs/logs/f84b173e-9917-11f0-ba1e-0242ac110002.txt
07:28:53 - INFO - 日志文件尚未生成: /home/wzy/hadoop-cluster-docker/logs/logs/f84b173e-9917-11f0-ba1e-0242ac110002.txt，等待重试...
07:28:58 - INFO - 尝试读取日志文件: /home/wzy/hadoop-cluster-docker/logs/logs/f84b173e-9917-11f0-ba1e-0242ac110002.txt
07:28:58 - INFO - 日志文件尚未生成: /home/wzy/hadoop-cluster-docker/logs/logs/f84b173e-9917-11f0-ba1e-0242ac110002.txt，等待重试...
07:29:00 - INFO - 当前任务数: 1, 当前容器组数: 1
07:29:03 - INFO - 尝试读取日志文件: /home/wzy/hadoop-cluster-docker/logs/logs/f84b173e-9917-11f0-ba1e-0242ac110002.txt
07:29:03 - INFO - 日志文件尚未生成: /home/wzy/hadoop-cluster-docker/logs/logs/f84b173e-9917-11f0-ba1e-0242ac110002.txt，等待重试...
07:29:08 - INFO - 尝试读取日志文件: /home/wzy/hadoop-cluster-docker/logs/logs/f84b173e-9917-11f0-ba1e-0242ac110002.txt
07:29:08 - INFO - 日志文件尚未生成: /home/wzy/hadoop-cluster-docker/logs/logs/f84b173e-9917-11f0-ba1e-0242ac110002.txt，等待重试...
07:29:10 - INFO - 当前任务数: 1, 当前容器组数: 1
07:29:13 - INFO - 尝试读取日志文件: /home/wzy/hadoop-cluster-docker/logs/logs/f84b173e-9917-11f0-ba1e-0242ac110002.txt
07:29:13 - INFO - 日志文件尚未生成: /home/wzy/hadoop-cluster-docker/logs/logs/f84b173e-9917-11f0-ba1e-0242ac110002.txt，等待重试...
07:29:18 - INFO - 尝试读取日志文件: /home/wzy/hadoop-cluster-docker/logs/logs/f84b173e-9917-11f0-ba1e-0242ac110002.txt
07:29:18 - INFO - 日志文件尚未生成: /home/wzy/hadoop-cluster-docker/logs/logs/f84b173e-9917-11f0-ba1e-0242ac110002.txt，等待重试...
07:29:21 - INFO - 当前任务数: 1, 当前容器组数: 1
07:29:23 - INFO - 尝试读取日志文件: /home/wzy/hadoop-cluster-docker/logs/logs/f84b173e-9917-11f0-ba1e-0242ac110002.txt
07:29:23 - INFO - 日志文件尚未生成: /home/wzy/hadoop-cluster-docker/logs/logs/f84b173e-9917-11f0-ba1e-0242ac110002.txt，等待重试...
07:29:28 - INFO - 尝试读取日志文件: /home/wzy/hadoop-cluster-docker/logs/logs/f84b173e-9917-11f0-ba1e-0242ac110002.txt
07:29:28 - INFO - 日志文件尚未生成: /home/wzy/hadoop-cluster-docker/logs/logs/f84b173e-9917-11f0-ba1e-0242ac110002.txt，等待重试...
07:29:31 - INFO - 当前任务数: 1, 当前容器组数: 1
07:29:33 - INFO - 尝试读取日志文件: /home/wzy/hadoop-cluster-docker/logs/logs/f84b173e-9917-11f0-ba1e-0242ac110002.txt
07:29:33 - INFO - 日志文件尚未生成: /home/wzy/hadoop-cluster-docker/logs/logs/f84b173e-9917-11f0-ba1e-0242ac110002.txt，等待重试...
07:29:38 - INFO - 尝试读取日志文件: /home/wzy/hadoop-cluster-docker/logs/logs/f84b173e-9917-11f0-ba1e-0242ac110002.txt
07:29:38 - INFO - 日志文件尚未生成: /home/wzy/hadoop-cluster-docker/logs/logs/f84b173e-9917-11f0-ba1e-0242ac110002.txt，等待重试...
07:29:41 - INFO - 当前任务数: 1, 当前容器组数: 1
07:29:43 - INFO - 尝试读取日志文件: /home/wzy/hadoop-cluster-docker/logs/logs/f84b173e-9917-11f0-ba1e-0242ac110002.txt
07:29:43 - INFO - 日志文件尚未生成: /home/wzy/hadoop-cluster-docker/logs/logs/f84b173e-9917-11f0-ba1e-0242ac110002.txt，等待重试...
07:29:48 - INFO - 尝试读取日志文件: /home/wzy/hadoop-cluster-docker/logs/logs/f84b173e-9917-11f0-ba1e-0242ac110002.txt
07:29:48 - INFO - 日志文件尚未生成: /home/wzy/hadoop-cluster-docker/logs/logs/f84b173e-9917-11f0-ba1e-0242ac110002.txt，等待重试...
07:29:51 - INFO - 当前任务数: 1, 当前容器组数: 1
07:29:53 - INFO - 尝试读取日志文件: /home/wzy/hadoop-cluster-docker/logs/logs/f84b173e-9917-11f0-ba1e-0242ac110002.txt
07:29:53 - INFO - 日志文件尚未生成: /home/wzy/hadoop-cluster-docker/logs/logs/f84b173e-9917-11f0-ba1e-0242ac110002.txt，等待重试...
07:29:58 - INFO - 尝试读取日志文件: /home/wzy/hadoop-cluster-docker/logs/logs/f84b173e-9917-11f0-ba1e-0242ac110002.txt
07:29:58 - INFO - 日志文件尚未生成: /home/wzy/hadoop-cluster-docker/logs/logs/f84b173e-9917-11f0-ba1e-0242ac110002.txt，等待重试...
07:30:01 - INFO - 当前任务数: 1, 当前容器组数: 1
07:30:03 - INFO - 尝试读取日志文件: /home/wzy/hadoop-cluster-docker/logs/logs/f84b173e-9917-11f0-ba1e-0242ac110002.txt
07:30:03 - INFO - 日志文件尚未生成: /home/wzy/hadoop-cluster-docker/logs/logs/f84b173e-9917-11f0-ba1e-0242ac110002.txt，等待重试...
07:30:08 - INFO - 尝试读取日志文件: /home/wzy/hadoop-cluster-docker/logs/logs/f84b173e-9917-11f0-ba1e-0242ac110002.txt
07:30:08 - INFO - 日志文件尚未生成: /home/wzy/hadoop-cluster-docker/logs/logs/f84b173e-9917-11f0-ba1e-0242ac110002.txt，等待重试...
07:30:11 - INFO - 当前任务数: 1, 当前容器组数: 1
07:30:13 - INFO - 尝试读取日志文件: /home/wzy/hadoop-cluster-docker/logs/logs/f84b173e-9917-11f0-ba1e-0242ac110002.txt
07:30:13 - INFO - 日志文件尚未生成: /home/wzy/hadoop-cluster-docker/logs/logs/f84b173e-9917-11f0-ba1e-0242ac110002.txt，等待重试...
07:30:18 - INFO - 尝试读取日志文件: /home/wzy/hadoop-cluster-docker/logs/logs/f84b173e-9917-11f0-ba1e-0242ac110002.txt
07:30:18 - INFO - 日志文件尚未生成: /home/wzy/hadoop-cluster-docker/logs/logs/f84b173e-9917-11f0-ba1e-0242ac110002.txt，等待重试...
07:30:21 - INFO - 当前任务数: 1, 当前容器组数: 1
07:30:23 - INFO - 尝试读取日志文件: /home/wzy/hadoop-cluster-docker/logs/logs/f84b173e-9917-11f0-ba1e-0242ac110002.txt
07:30:23 - INFO - 日志文件尚未生成: /home/wzy/hadoop-cluster-docker/logs/logs/f84b173e-9917-11f0-ba1e-0242ac110002.txt，等待重试...
07:30:28 - INFO - 尝试读取日志文件: /home/wzy/hadoop-cluster-docker/logs/logs/f84b173e-9917-11f0-ba1e-0242ac110002.txt
07:30:28 - INFO - 日志文件尚未生成: /home/wzy/hadoop-cluster-docker/logs/logs/f84b173e-9917-11f0-ba1e-0242ac110002.txt，等待重试...
07:30:31 - INFO - 当前任务数: 1, 当前容器组数: 1
07:30:33 - INFO - 尝试读取日志文件: /home/wzy/hadoop-cluster-docker/logs/logs/f84b173e-9917-11f0-ba1e-0242ac110002.txt
07:30:33 - INFO - 日志文件尚未生成: /home/wzy/hadoop-cluster-docker/logs/logs/f84b173e-9917-11f0-ba1e-0242ac110002.txt，等待重试...
07:30:38 - INFO - 尝试读取日志文件: /home/wzy/hadoop-cluster-docker/logs/logs/f84b173e-9917-11f0-ba1e-0242ac110002.txt
07:30:38 - INFO - 日志文件尚未生成: /home/wzy/hadoop-cluster-docker/logs/logs/f84b173e-9917-11f0-ba1e-0242ac110002.txt，等待重试...
07:30:41 - INFO - 当前任务数: 1, 当前容器组数: 1
07:30:43 - INFO - 尝试读取日志文件: /home/wzy/hadoop-cluster-docker/logs/logs/f84b173e-9917-11f0-ba1e-0242ac110002.txt
07:30:43 - INFO - 日志文件尚未生成: /home/wzy/hadoop-cluster-docker/logs/logs/f84b173e-9917-11f0-ba1e-0242ac110002.txt，等待重试...
07:30:48 - INFO - 尝试读取日志文件: /home/wzy/hadoop-cluster-docker/logs/logs/f84b173e-9917-11f0-ba1e-0242ac110002.txt
07:30:48 - INFO - 日志文件尚未生成: /home/wzy/hadoop-cluster-docker/logs/logs/f84b173e-9917-11f0-ba1e-0242ac110002.txt，等待重试...
07:30:51 - INFO - 当前任务数: 1, 当前容器组数: 1
07:30:53 - INFO - 尝试读取日志文件: /home/wzy/hadoop-cluster-docker/logs/logs/f84b173e-9917-11f0-ba1e-0242ac110002.txt
07:30:53 - INFO - 日志文件尚未生成: /home/wzy/hadoop-cluster-docker/logs/logs/f84b173e-9917-11f0-ba1e-0242ac110002.txt，等待重试...
07:30:58 - INFO - 尝试读取日志文件: /home/wzy/hadoop-cluster-docker/logs/logs/f84b173e-9917-11f0-ba1e-0242ac110002.txt
07:30:58 - INFO - 日志文件尚未生成: /home/wzy/hadoop-cluster-docker/logs/logs/f84b173e-9917-11f0-ba1e-0242ac110002.txt，等待重试...
07:31:01 - INFO - 当前任务数: 1, 当前容器组数: 1
07:31:03 - INFO - 尝试读取日志文件: /home/wzy/hadoop-cluster-docker/logs/logs/f84b173e-9917-11f0-ba1e-0242ac110002.txt
07:31:03 - INFO - 日志文件尚未生成: /home/wzy/hadoop-cluster-docker/logs/logs/f84b173e-9917-11f0-ba1e-0242ac110002.txt，等待重试...
07:31:08 - INFO - 尝试读取日志文件: /home/wzy/hadoop-cluster-docker/logs/logs/f84b173e-9917-11f0-ba1e-0242ac110002.txt
07:31:08 - INFO - 日志文件尚未生成: /home/wzy/hadoop-cluster-docker/logs/logs/f84b173e-9917-11f0-ba1e-0242ac110002.txt，等待重试...
07:31:11 - INFO - 当前任务数: 1, 当前容器组数: 1
07:31:13 - INFO - 尝试读取日志文件: /home/wzy/hadoop-cluster-docker/logs/logs/f84b173e-9917-11f0-ba1e-0242ac110002.txt
07:31:13 - INFO - 日志文件尚未生成: /home/wzy/hadoop-cluster-docker/logs/logs/f84b173e-9917-11f0-ba1e-0242ac110002.txt，等待重试...
07:31:18 - INFO - 尝试读取日志文件: /home/wzy/hadoop-cluster-docker/logs/logs/f84b173e-9917-11f0-ba1e-0242ac110002.txt
07:31:18 - INFO - 日志文件尚未生成: /home/wzy/hadoop-cluster-docker/logs/logs/f84b173e-9917-11f0-ba1e-0242ac110002.txt，等待重试...
07:31:21 - INFO - 当前任务数: 1, 当前容器组数: 1
07:31:23 - INFO - 尝试读取日志文件: /home/wzy/hadoop-cluster-docker/logs/logs/f84b173e-9917-11f0-ba1e-0242ac110002.txt
07:31:23 - INFO - 日志文件尚未生成: /home/wzy/hadoop-cluster-docker/logs/logs/f84b173e-9917-11f0-ba1e-0242ac110002.txt，等待重试...
07:31:28 - INFO - 尝试读取日志文件: /home/wzy/hadoop-cluster-docker/logs/logs/f84b173e-9917-11f0-ba1e-0242ac110002.txt
07:31:28 - INFO - 日志文件尚未生成: /home/wzy/hadoop-cluster-docker/logs/logs/f84b173e-9917-11f0-ba1e-0242ac110002.txt，等待重试...
07:31:31 - INFO - 当前任务数: 1, 当前容器组数: 1
07:31:33 - INFO - 尝试读取日志文件: /home/wzy/hadoop-cluster-docker/logs/logs/f84b173e-9917-11f0-ba1e-0242ac110002.txt
07:31:33 - INFO - 日志文件尚未生成: /home/wzy/hadoop-cluster-docker/logs/logs/f84b173e-9917-11f0-ba1e-0242ac110002.txt，等待重试...
07:31:38 - INFO - 尝试读取日志文件: /home/wzy/hadoop-cluster-docker/logs/logs/f84b173e-9917-11f0-ba1e-0242ac110002.txt
07:31:38 - INFO - 日志文件尚未生成: /home/wzy/hadoop-cluster-docker/logs/logs/f84b173e-9917-11f0-ba1e-0242ac110002.txt，等待重试...
07:31:41 - INFO - 当前任务数: 1, 当前容器组数: 1
07:31:43 - INFO - 尝试读取日志文件: /home/wzy/hadoop-cluster-docker/logs/logs/f84b173e-9917-11f0-ba1e-0242ac110002.txt
07:31:43 - INFO - 日志文件尚未生成: /home/wzy/hadoop-cluster-docker/logs/logs/f84b173e-9917-11f0-ba1e-0242ac110002.txt，等待重试...
07:31:48 - INFO - 尝试读取日志文件: /home/wzy/hadoop-cluster-docker/logs/logs/f84b173e-9917-11f0-ba1e-0242ac110002.txt
07:31:48 - INFO - 日志文件尚未生成: /home/wzy/hadoop-cluster-docker/logs/logs/f84b173e-9917-11f0-ba1e-0242ac110002.txt，等待重试...
07:31:51 - INFO - 当前任务数: 1, 当前容器组数: 1
07:31:53 - INFO - 尝试读取日志文件: /home/wzy/hadoop-cluster-docker/logs/logs/f84b173e-9917-11f0-ba1e-0242ac110002.txt
07:31:53 - INFO - 日志文件尚未生成: /home/wzy/hadoop-cluster-docker/logs/logs/f84b173e-9917-11f0-ba1e-0242ac110002.txt，等待重试...
07:31:59 - INFO - Starting MLU inference server...
07:31:59 - INFO -  * Running on http://0.0.0.0:8800/ (Press CTRL+C to quit)
07:31:59 - INFO - 当前任务数: 0, 当前容器组数: 1
07:32:09 - INFO - Received /hadoop request: {'input': 'input/input1', 'output': 'output/output1', 'callback_url': 'http://10.208.16.106:38691/client/callback'}
07:32:09 - INFO - 10.208.16.106 - - [24/Sep/2025 07:32:09] "[37mPOST /hadoop HTTP/1.1[0m" 200 -
07:32:09 - INFO - 执行任务: docker exec -d hadoop-master-0 bash -c 'sh /root/run-wordcount2.sh input/input1 output/output1 9407cfc8-9918-11f0-afbb-0242ac110002'
07:32:09 - INFO - 当前任务数: 1, 当前容器组数: 1
07:32:09 - INFO - 日志文件根目录: /home/wzy/hadoop-cluster-docker/logs
07:32:19 - INFO - 当前任务数: 1, 当前容器组数: 1
07:32:29 - INFO - 当前任务数: 1, 当前容器组数: 1
07:32:39 - INFO - 当前任务数: 1, 当前容器组数: 1
07:32:49 - INFO - 尝试读取日志文件: /home/wzy/hadoop-cluster-docker/logs/9407cfc8-9918-11f0-afbb-0242ac110002.txt
07:32:49 - INFO - 任务完成: 9407cfc8-9918-11f0-afbb-0242ac110002, 成功提取结果
07:32:49 - INFO - 回调结果发送成功 9407cfc8-9918-11f0-afbb-0242ac110002: 200
07:32:49 - INFO - 当前任务数: 0, 当前容器组数: 1
07:32:59 - INFO - 当前任务数: 0, 当前容器组数: 1
07:33:09 - INFO - 当前任务数: 0, 当前容器组数: 1
07:33:19 - INFO - 当前任务数: 0, 当前容器组数: 1
07:33:29 - INFO - 当前任务数: 0, 当前容器组数: 1
07:33:39 - INFO - 当前任务数: 0, 当前容器组数: 1
07:33:49 - INFO - 当前任务数: 0, 当前容器组数: 1
07:33:59 - INFO - 当前任务数: 0, 当前容器组数: 1
07:34:09 - INFO - 当前任务数: 0, 当前容器组数: 1
07:34:19 - INFO - 当前任务数: 0, 当前容器组数: 1
07:34:29 - INFO - 当前任务数: 0, 当前容器组数: 1
07:34:40 - INFO - 当前任务数: 0, 当前容器组数: 1
07:34:50 - INFO - 当前任务数: 0, 当前容器组数: 1
07:35:00 - INFO - 当前任务数: 0, 当前容器组数: 1
07:35:10 - INFO - 当前任务数: 0, 当前容器组数: 1
07:35:20 - INFO - 当前任务数: 0, 当前容器组数: 1
07:35:30 - INFO - 当前任务数: 0, 当前容器组数: 1
07:35:40 - INFO - 当前任务数: 0, 当前容器组数: 1
07:35:50 - INFO - 当前任务数: 0, 当前容器组数: 1
07:36:00 - INFO - 当前任务数: 0, 当前容器组数: 1
07:36:10 - INFO - 当前任务数: 0, 当前容器组数: 1
07:36:20 - INFO - 当前任务数: 0, 当前容器组数: 1
07:36:30 - INFO - 当前任务数: 0, 当前容器组数: 1
07:36:40 - INFO - 当前任务数: 0, 当前容器组数: 1
07:36:50 - INFO - 当前任务数: 0, 当前容器组数: 1
07:37:00 - INFO - 当前任务数: 0, 当前容器组数: 1
07:37:10 - INFO - 当前任务数: 0, 当前容器组数: 1
07:37:21 - INFO - 当前任务数: 0, 当前容器组数: 1
07:37:31 - INFO - 当前任务数: 0, 当前容器组数: 1
07:37:41 - INFO - 当前任务数: 0, 当前容器组数: 1
07:37:51 - INFO - 当前任务数: 0, 当前容器组数: 1
07:38:01 - INFO - 当前任务数: 0, 当前容器组数: 1
07:38:11 - INFO - 当前任务数: 0, 当前容器组数: 1
07:38:21 - INFO - 当前任务数: 0, 当前容器组数: 1
07:38:31 - INFO - 当前任务数: 0, 当前容器组数: 1
07:38:41 - INFO - 当前任务数: 0, 当前容器组数: 1
07:38:51 - INFO - 当前任务数: 0, 当前容器组数: 1
07:39:01 - INFO - 当前任务数: 0, 当前容器组数: 1
07:39:11 - INFO - 当前任务数: 0, 当前容器组数: 1
07:39:21 - INFO - 当前任务数: 0, 当前容器组数: 1
07:39:31 - INFO - 当前任务数: 0, 当前容器组数: 1
07:39:33 - INFO - Received /hadoop request: {'input': 'input/input1', 'output': 'output/output1', 'callback_url': 'http://10.208.16.106:43455/client/callback'}
07:39:33 - INFO - 10.208.16.106 - - [24/Sep/2025 07:39:33] "[37mPOST /hadoop HTTP/1.1[0m" 200 -
07:39:33 - INFO - 执行任务: docker exec -d hadoop-master-0 bash -c 'sh /root/run-wordcount2.sh input/input1 output/output1 9cd8af90-9919-11f0-ab87-0242ac110002'
07:39:33 - INFO - 日志文件根目录: /home/wzy/hadoop-cluster-docker/logs
07:39:41 - INFO - 当前任务数: 1, 当前容器组数: 1
07:39:51 - INFO - 当前任务数: 1, 当前容器组数: 1
07:40:02 - INFO - 当前任务数: 1, 当前容器组数: 1
07:40:12 - INFO - 当前任务数: 1, 当前容器组数: 1
07:40:13 - INFO - 尝试读取日志文件: /home/wzy/hadoop-cluster-docker/logs/9cd8af90-9919-11f0-ab87-0242ac110002.txt
07:40:13 - INFO - 任务完成: 9cd8af90-9919-11f0-ab87-0242ac110002, 成功提取结果
07:40:13 - INFO - 回调结果发送成功 9cd8af90-9919-11f0-ab87-0242ac110002: 200
07:40:22 - INFO - 当前任务数: 0, 当前容器组数: 1
07:40:32 - INFO - 当前任务数: 0, 当前容器组数: 1
07:40:42 - INFO - 当前任务数: 0, 当前容器组数: 1
07:40:52 - INFO - 当前任务数: 0, 当前容器组数: 1
07:41:02 - INFO - 当前任务数: 0, 当前容器组数: 1
07:41:12 - INFO - 当前任务数: 0, 当前容器组数: 1
07:41:22 - INFO - 当前任务数: 0, 当前容器组数: 1
07:41:32 - INFO - 当前任务数: 0, 当前容器组数: 1
07:41:42 - INFO - 当前任务数: 0, 当前容器组数: 1
07:41:52 - INFO - 当前任务数: 0, 当前容器组数: 1
07:42:02 - INFO - 当前任务数: 0, 当前容器组数: 1
15:52:19 - INFO - Starting MLU inference server...
15:52:19 - INFO -  * Running on http://0.0.0.0:8800/ (Press CTRL+C to quit)
15:52:19 - INFO - 当前任务数: 0, 当前容器组数: 1
15:52:28 - INFO - Received /hadoop request: {'input': 'input/input1', 'output': 'output/output1', 'callback_url': 'http://10.208.16.106:40519/client/callback'}
15:52:28 - INFO - 10.208.16.106 - - [24/Sep/2025 15:52:28] "[37mPOST /hadoop HTTP/1.1[0m" 200 -
15:52:29 - INFO - 执行任务: docker exec -d hadoop-master-0 bash -c 'sh /root/run-wordcount2.sh input/input1 output/output1 6affed38-991b-11f0-89d6-0242ac110002'
15:52:29 - INFO - 当前任务数: 1, 当前容器组数: 1
15:52:29 - INFO - 日志文件根目录: /home/wzy/hadoop-cluster-docker/logs
15:52:39 - INFO - 当前任务数: 1, 当前容器组数: 1
15:52:49 - INFO - 当前任务数: 1, 当前容器组数: 1
15:53:00 - INFO - 当前任务数: 1, 当前容器组数: 1
15:53:09 - INFO - 尝试读取日志文件: /home/wzy/hadoop-cluster-docker/logs/6affed38-991b-11f0-89d6-0242ac110002.txt
15:53:09 - INFO - 任务完成: 6affed38-991b-11f0-89d6-0242ac110002, 成功提取结果
15:53:09 - INFO - 回调结果发送成功 6affed38-991b-11f0-89d6-0242ac110002: 200
15:53:10 - INFO - 当前任务数: 0, 当前容器组数: 1
15:53:20 - INFO - 当前任务数: 0, 当前容器组数: 1
15:53:30 - INFO - 当前任务数: 0, 当前容器组数: 1
15:53:40 - INFO - 当前任务数: 0, 当前容器组数: 1
15:53:50 - INFO - 当前任务数: 0, 当前容器组数: 1
15:54:00 - INFO - 当前任务数: 0, 当前容器组数: 1
15:54:10 - INFO - 当前任务数: 0, 当前容器组数: 1
15:54:20 - INFO - 当前任务数: 0, 当前容器组数: 1
15:54:30 - INFO - 当前任务数: 0, 当前容器组数: 1
15:54:40 - INFO - 当前任务数: 0, 当前容器组数: 1
15:54:50 - INFO - 当前任务数: 0, 当前容器组数: 1
15:55:00 - INFO - 当前任务数: 0, 当前容器组数: 1
15:55:10 - INFO - 当前任务数: 0, 当前容器组数: 1
15:55:20 - INFO - 当前任务数: 0, 当前容器组数: 1
15:55:30 - INFO - 当前任务数: 0, 当前容器组数: 1
15:55:40 - INFO - 当前任务数: 0, 当前容器组数: 1
15:55:51 - INFO - 当前任务数: 0, 当前容器组数: 1
15:56:01 - INFO - 当前任务数: 0, 当前容器组数: 1
15:56:11 - INFO - 当前任务数: 0, 当前容器组数: 1
15:56:21 - INFO - 当前任务数: 0, 当前容器组数: 1
15:56:31 - INFO - 当前任务数: 0, 当前容器组数: 1
15:56:41 - INFO - 当前任务数: 0, 当前容器组数: 1
15:56:51 - INFO - 当前任务数: 0, 当前容器组数: 1
15:57:01 - INFO - 当前任务数: 0, 当前容器组数: 1
15:57:11 - INFO - 当前任务数: 0, 当前容器组数: 1
15:57:21 - INFO - 当前任务数: 0, 当前容器组数: 1
15:57:31 - INFO - 当前任务数: 0, 当前容器组数: 1
15:57:41 - INFO - 当前任务数: 0, 当前容器组数: 1
15:57:51 - INFO - 当前任务数: 0, 当前容器组数: 1
15:58:01 - INFO - 当前任务数: 0, 当前容器组数: 1
15:58:11 - INFO - 当前任务数: 0, 当前容器组数: 1
15:58:21 - INFO - 当前任务数: 0, 当前容器组数: 1
15:58:32 - INFO - 当前任务数: 0, 当前容器组数: 1
15:58:42 - INFO - 当前任务数: 0, 当前容器组数: 1
15:58:52 - INFO - 当前任务数: 0, 当前容器组数: 1
15:59:02 - INFO - 当前任务数: 0, 当前容器组数: 1
15:59:12 - INFO - 当前任务数: 0, 当前容器组数: 1
15:59:22 - INFO - 当前任务数: 0, 当前容器组数: 1
15:59:32 - INFO - 当前任务数: 0, 当前容器组数: 1
15:59:42 - INFO - 当前任务数: 0, 当前容器组数: 1
15:59:52 - INFO - 当前任务数: 0, 当前容器组数: 1
16:00:02 - INFO - 当前任务数: 0, 当前容器组数: 1
16:00:12 - INFO - 当前任务数: 0, 当前容器组数: 1
16:00:22 - INFO - 当前任务数: 0, 当前容器组数: 1
16:00:32 - INFO - 当前任务数: 0, 当前容器组数: 1
16:00:42 - INFO - 当前任务数: 0, 当前容器组数: 1
16:00:52 - INFO - 当前任务数: 0, 当前容器组数: 1
16:00:56 - INFO - Received /hadoop request: {'input': 'input/input1', 'output': 'output/output1', 'callback_url': 'http://10.208.16.127:42677/client/callback'}
16:00:56 - INFO - 10.208.16.127 - - [24/Sep/2025 16:00:56] "[37mPOST /hadoop HTTP/1.1[0m" 200 -
16:00:56 - INFO - 执行任务: docker exec -d hadoop-master-0 bash -c 'sh /root/run-wordcount2.sh input/input1 output/output1 9992a96e-991c-11f0-ab56-0242ac110002'
16:00:56 - INFO - 日志文件根目录: /home/wzy/hadoop-cluster-docker/logs
16:01:02 - INFO - 当前任务数: 1, 当前容器组数: 1
16:01:12 - INFO - 当前任务数: 1, 当前容器组数: 1
16:01:23 - INFO - 当前任务数: 1, 当前容器组数: 1
16:01:33 - INFO - 当前任务数: 1, 当前容器组数: 1
16:01:36 - INFO - 尝试读取日志文件: /home/wzy/hadoop-cluster-docker/logs/9992a96e-991c-11f0-ab56-0242ac110002.txt
16:01:36 - INFO - 任务完成: 9992a96e-991c-11f0-ab56-0242ac110002, 成功提取结果
16:01:36 - INFO - 回调结果发送成功 9992a96e-991c-11f0-ab56-0242ac110002: 200
16:01:43 - INFO - 当前任务数: 0, 当前容器组数: 1
16:01:53 - INFO - 当前任务数: 0, 当前容器组数: 1
16:02:03 - INFO - 当前任务数: 0, 当前容器组数: 1
16:02:13 - INFO - 当前任务数: 0, 当前容器组数: 1
16:02:23 - INFO - 当前任务数: 0, 当前容器组数: 1
16:02:33 - INFO - 当前任务数: 0, 当前容器组数: 1
16:02:43 - INFO - 当前任务数: 0, 当前容器组数: 1
16:02:53 - INFO - 当前任务数: 0, 当前容器组数: 1
16:03:03 - INFO - 当前任务数: 0, 当前容器组数: 1
16:03:13 - INFO - 当前任务数: 0, 当前容器组数: 1
16:03:23 - INFO - 当前任务数: 0, 当前容器组数: 1
16:03:33 - INFO - 当前任务数: 0, 当前容器组数: 1
16:03:43 - INFO - 当前任务数: 0, 当前容器组数: 1
16:03:53 - INFO - 当前任务数: 0, 当前容器组数: 1
16:04:04 - INFO - 当前任务数: 0, 当前容器组数: 1
16:04:14 - INFO - 当前任务数: 0, 当前容器组数: 1
16:04:24 - INFO - 当前任务数: 0, 当前容器组数: 1
16:04:34 - INFO - 当前任务数: 0, 当前容器组数: 1
16:04:44 - INFO - 当前任务数: 0, 当前容器组数: 1
16:04:50 - INFO - Received /micro request, headers: Host: 10.208.16.107:8800
User-Agent: Go-http-client/1.1
Content-Length: 110
Content-Type: application/json;charset=UTF-8
Accept-Encoding: gzip


16:04:50 - INFO - Received /micro request data: {'input': 'input/input1', 'output': 'output/output1', 'callback_url': 'http://10.208.16.127:33541/client/callback'}
16:04:50 - INFO - Generated UUID: 255f245e-991d-11f0-8f41-0242ac110002
16:04:50 - INFO - [Async Task] Starting processing UUID: 255f245e-991d-11f0-8f41-0242ac110002
16:04:50 - INFO - 10.208.16.127 - - [24/Sep/2025 16:04:50] "[37mPOST /micro HTTP/1.1[0m" 200 -
16:04:50 - INFO - [Async Task] Input path: input/input1, Output path: output/output1
16:04:50 - INFO - Executing command: cd /opt/cambricon/caffe/src/caffe && bash gen_offline_model.sh
16:04:50 - ERROR - Command failed (return code: 2), output: 
/bin/sh: 1: cd: can't cd to /opt/cambricon/caffe/src/caffe

16:04:50 - INFO - [Async Task] Calling back client: http://10.208.16.127:33541/client/callback
16:04:50 - INFO - [Async Task] Callback completed, status code: 200, response: callback received success
16:04:50 - INFO - [Async Task] Processing finished UUID: 255f245e-991d-11f0-8f41-0242ac110002
16:04:54 - INFO - 当前任务数: 0, 当前容器组数: 1
16:05:04 - INFO - 当前任务数: 0, 当前容器组数: 1
16:05:14 - INFO - 当前任务数: 0, 当前容器组数: 1
16:05:24 - INFO - 当前任务数: 0, 当前容器组数: 1
16:05:34 - INFO - 当前任务数: 0, 当前容器组数: 1
16:05:44 - INFO - 当前任务数: 0, 当前容器组数: 1
16:05:54 - INFO - 当前任务数: 0, 当前容器组数: 1
16:05:58 - INFO - Received /hadoop request: {'input': 'input/input1', 'output': 'output/output1', 'callback_url': 'http://10.208.16.127:38357/client/callback'}
16:05:58 - INFO - 10.208.16.127 - - [24/Sep/2025 16:05:58] "[37mPOST /hadoop HTTP/1.1[0m" 200 -
16:05:58 - INFO - 执行任务: docker exec -d hadoop-master-0 bash -c 'sh /root/run-wordcount2.sh input/input1 output/output1 4dbe9d08-991d-11f0-8825-0242ac110002'
16:05:59 - INFO - 日志文件根目录: /home/wzy/hadoop-cluster-docker/logs
16:06:04 - INFO - 当前任务数: 1, 当前容器组数: 1
16:06:14 - INFO - 当前任务数: 1, 当前容器组数: 1
16:06:24 - INFO - 当前任务数: 1, 当前容器组数: 1
16:06:34 - INFO - 当前任务数: 1, 当前容器组数: 1
16:06:39 - INFO - 尝试读取日志文件: /home/wzy/hadoop-cluster-docker/logs/4dbe9d08-991d-11f0-8825-0242ac110002.txt
16:06:39 - INFO - 任务完成: 4dbe9d08-991d-11f0-8825-0242ac110002, 成功提取结果
16:06:39 - ERROR - 回调结果发送失败 4dbe9d08-991d-11f0-8825-0242ac110002: HTTPConnectionPool(host='10.208.16.127', port=38357): Max retries exceeded with url: /client/callback (Caused by NewConnectionError('<urllib3.connection.HTTPConnection object at 0x7fe28bdd0b00>: Failed to establish a new connection: [Errno 111] Connection refused',))
16:06:45 - INFO - 当前任务数: 0, 当前容器组数: 1
16:06:55 - INFO - 当前任务数: 0, 当前容器组数: 1
16:06:59 - INFO - Received /hadoop request: {'input': 'input/input1', 'output': 'output/output1', 'callback_url': 'http://10.208.16.127:40225/client/callback'}
16:06:59 - INFO - 10.208.16.127 - - [24/Sep/2025 16:06:59] "[37mPOST /hadoop HTTP/1.1[0m" 200 -
16:07:01 - INFO - 执行任务: docker exec -d hadoop-master-0 bash -c 'sh /root/run-wordcount2.sh input/input1 output/output1 721888b2-991d-11f0-8ca2-0242ac110002'
16:07:01 - INFO - 日志文件根目录: /home/wzy/hadoop-cluster-docker/logs
16:07:05 - INFO - 当前任务数: 1, 当前容器组数: 1
16:07:15 - INFO - 当前任务数: 1, 当前容器组数: 1
16:07:25 - INFO - 当前任务数: 1, 当前容器组数: 1
16:07:35 - INFO - 当前任务数: 1, 当前容器组数: 1
16:07:41 - INFO - 尝试读取日志文件: /home/wzy/hadoop-cluster-docker/logs/721888b2-991d-11f0-8ca2-0242ac110002.txt
16:07:41 - INFO - 任务完成: 721888b2-991d-11f0-8ca2-0242ac110002, 成功提取结果
16:07:41 - INFO - 回调结果发送成功 721888b2-991d-11f0-8ca2-0242ac110002: 200
16:07:45 - INFO - 当前任务数: 0, 当前容器组数: 1
16:07:55 - INFO - 当前任务数: 0, 当前容器组数: 1
16:08:05 - INFO - 当前任务数: 0, 当前容器组数: 1
16:08:15 - INFO - 当前任务数: 0, 当前容器组数: 1
16:08:25 - INFO - 当前任务数: 0, 当前容器组数: 1
16:08:35 - INFO - 当前任务数: 0, 当前容器组数: 1
16:08:45 - INFO - 当前任务数: 0, 当前容器组数: 1
16:08:55 - INFO - 当前任务数: 0, 当前容器组数: 1
16:09:05 - INFO - 当前任务数: 0, 当前容器组数: 1
16:09:15 - INFO - 当前任务数: 0, 当前容器组数: 1
16:09:25 - INFO - 当前任务数: 0, 当前容器组数: 1
16:09:36 - INFO - 当前任务数: 0, 当前容器组数: 1
16:09:46 - INFO - 当前任务数: 0, 当前容器组数: 1
16:09:56 - INFO - 当前任务数: 0, 当前容器组数: 1
16:10:06 - INFO - 当前任务数: 0, 当前容器组数: 1
16:10:16 - INFO - 当前任务数: 0, 当前容器组数: 1
16:10:26 - INFO - 当前任务数: 0, 当前容器组数: 1
16:10:36 - INFO - 当前任务数: 0, 当前容器组数: 1
16:10:46 - INFO - 当前任务数: 0, 当前容器组数: 1
16:10:56 - INFO - 当前任务数: 0, 当前容器组数: 1
16:11:06 - INFO - 当前任务数: 0, 当前容器组数: 1
16:11:16 - INFO - 当前任务数: 0, 当前容器组数: 1
16:11:26 - INFO - 当前任务数: 0, 当前容器组数: 1
16:11:36 - INFO - 当前任务数: 0, 当前容器组数: 1
16:11:46 - INFO - 当前任务数: 0, 当前容器组数: 1
16:11:56 - INFO - 当前任务数: 0, 当前容器组数: 1
16:12:06 - INFO - 当前任务数: 0, 当前容器组数: 1
16:12:17 - INFO - 当前任务数: 0, 当前容器组数: 1
16:12:27 - INFO - 当前任务数: 0, 当前容器组数: 1
16:12:37 - INFO - 当前任务数: 0, 当前容器组数: 1
16:12:47 - INFO - 当前任务数: 0, 当前容器组数: 1
16:12:57 - INFO - 当前任务数: 0, 当前容器组数: 1
16:13:07 - INFO - 当前任务数: 0, 当前容器组数: 1
16:13:17 - INFO - 当前任务数: 0, 当前容器组数: 1
16:13:27 - INFO - 当前任务数: 0, 当前容器组数: 1
16:13:37 - INFO - 当前任务数: 0, 当前容器组数: 1
16:13:47 - INFO - 当前任务数: 0, 当前容器组数: 1
16:13:57 - INFO - 当前任务数: 0, 当前容器组数: 1
16:14:07 - INFO - 当前任务数: 0, 当前容器组数: 1
16:14:17 - INFO - 当前任务数: 0, 当前容器组数: 1
16:14:27 - INFO - 当前任务数: 0, 当前容器组数: 1
16:14:37 - INFO - 当前任务数: 0, 当前容器组数: 1
16:14:47 - INFO - 当前任务数: 0, 当前容器组数: 1
16:14:58 - INFO - 当前任务数: 0, 当前容器组数: 1
16:15:08 - INFO - 当前任务数: 0, 当前容器组数: 1
16:15:18 - INFO - 当前任务数: 0, 当前容器组数: 1
16:15:28 - INFO - 当前任务数: 0, 当前容器组数: 1
16:15:38 - INFO - 当前任务数: 0, 当前容器组数: 1
16:15:48 - INFO - 当前任务数: 0, 当前容器组数: 1
16:15:58 - INFO - 当前任务数: 0, 当前容器组数: 1
16:16:08 - INFO - 当前任务数: 0, 当前容器组数: 1
16:16:18 - INFO - 当前任务数: 0, 当前容器组数: 1
16:16:28 - INFO - 当前任务数: 0, 当前容器组数: 1
16:16:38 - INFO - 当前任务数: 0, 当前容器组数: 1
16:16:48 - INFO - 当前任务数: 0, 当前容器组数: 1
16:16:58 - INFO - 当前任务数: 0, 当前容器组数: 1
16:17:08 - INFO - 当前任务数: 0, 当前容器组数: 1
16:17:18 - INFO - 当前任务数: 0, 当前容器组数: 1
16:17:28 - INFO - 当前任务数: 0, 当前容器组数: 1
16:17:39 - INFO - 当前任务数: 0, 当前容器组数: 1
16:17:49 - INFO - 当前任务数: 0, 当前容器组数: 1
16:17:59 - INFO - 当前任务数: 0, 当前容器组数: 1
16:18:09 - INFO - 当前任务数: 0, 当前容器组数: 1
16:18:19 - INFO - 当前任务数: 0, 当前容器组数: 1
16:18:29 - INFO - 当前任务数: 0, 当前容器组数: 1
16:18:39 - INFO - 当前任务数: 0, 当前容器组数: 1
16:18:49 - INFO - 当前任务数: 0, 当前容器组数: 1
16:18:59 - INFO - 当前任务数: 0, 当前容器组数: 1
16:19:09 - INFO - 当前任务数: 0, 当前容器组数: 1
16:19:19 - INFO - 当前任务数: 0, 当前容器组数: 1
16:19:29 - INFO - 当前任务数: 0, 当前容器组数: 1
16:19:39 - INFO - 当前任务数: 0, 当前容器组数: 1
16:19:49 - INFO - 当前任务数: 0, 当前容器组数: 1
16:19:59 - INFO - 当前任务数: 0, 当前容器组数: 1
16:20:09 - INFO - 当前任务数: 0, 当前容器组数: 1
16:20:19 - INFO - 当前任务数: 0, 当前容器组数: 1
16:20:30 - INFO - 当前任务数: 0, 当前容器组数: 1
16:20:40 - INFO - 当前任务数: 0, 当前容器组数: 1
16:20:50 - INFO - 当前任务数: 0, 当前容器组数: 1
16:21:00 - INFO - 当前任务数: 0, 当前容器组数: 1
16:21:10 - INFO - 当前任务数: 0, 当前容器组数: 1
16:21:20 - INFO - 当前任务数: 0, 当前容器组数: 1
16:21:30 - INFO - 当前任务数: 0, 当前容器组数: 1
16:21:40 - INFO - 当前任务数: 0, 当前容器组数: 1
16:21:50 - INFO - 当前任务数: 0, 当前容器组数: 1
16:22:00 - INFO - 当前任务数: 0, 当前容器组数: 1
16:22:10 - INFO - 当前任务数: 0, 当前容器组数: 1
16:22:20 - INFO - 当前任务数: 0, 当前容器组数: 1
16:22:30 - INFO - 当前任务数: 0, 当前容器组数: 1
16:22:40 - INFO - 当前任务数: 0, 当前容器组数: 1
16:22:50 - INFO - 当前任务数: 0, 当前容器组数: 1
16:23:00 - INFO - 当前任务数: 0, 当前容器组数: 1
16:23:11 - INFO - 当前任务数: 0, 当前容器组数: 1
16:23:21 - INFO - 当前任务数: 0, 当前容器组数: 1
16:23:31 - INFO - 当前任务数: 0, 当前容器组数: 1
16:23:41 - INFO - 当前任务数: 0, 当前容器组数: 1
16:23:51 - INFO - 当前任务数: 0, 当前容器组数: 1
16:24:01 - INFO - 当前任务数: 0, 当前容器组数: 1
16:24:11 - INFO - 当前任务数: 0, 当前容器组数: 1
16:24:21 - INFO - 当前任务数: 0, 当前容器组数: 1
16:24:31 - INFO - 当前任务数: 0, 当前容器组数: 1
16:24:41 - INFO - 当前任务数: 0, 当前容器组数: 1
16:24:51 - INFO - 当前任务数: 0, 当前容器组数: 1
16:25:01 - INFO - 当前任务数: 0, 当前容器组数: 1
16:25:11 - INFO - 当前任务数: 0, 当前容器组数: 1
16:25:21 - INFO - 当前任务数: 0, 当前容器组数: 1
16:25:31 - INFO - 当前任务数: 0, 当前容器组数: 1
16:25:41 - INFO - 当前任务数: 0, 当前容器组数: 1
16:25:52 - INFO - 当前任务数: 0, 当前容器组数: 1
16:26:02 - INFO - 当前任务数: 0, 当前容器组数: 1
16:26:12 - INFO - 当前任务数: 0, 当前容器组数: 1
16:26:22 - INFO - 当前任务数: 0, 当前容器组数: 1
16:26:32 - INFO - 当前任务数: 0, 当前容器组数: 1
16:26:42 - INFO - 当前任务数: 0, 当前容器组数: 1
16:26:52 - INFO - 当前任务数: 0, 当前容器组数: 1
16:27:02 - INFO - 当前任务数: 0, 当前容器组数: 1
16:27:12 - INFO - 当前任务数: 0, 当前容器组数: 1
16:27:22 - INFO - 当前任务数: 0, 当前容器组数: 1
16:27:32 - INFO - 当前任务数: 0, 当前容器组数: 1
16:27:42 - INFO - 当前任务数: 0, 当前容器组数: 1
16:27:52 - INFO - 当前任务数: 0, 当前容器组数: 1
16:28:02 - INFO - 当前任务数: 0, 当前容器组数: 1
16:28:12 - INFO - 当前任务数: 0, 当前容器组数: 1
16:28:22 - INFO - 当前任务数: 0, 当前容器组数: 1
16:28:32 - INFO - 当前任务数: 0, 当前容器组数: 1
16:28:43 - INFO - 当前任务数: 0, 当前容器组数: 1
16:28:53 - INFO - 当前任务数: 0, 当前容器组数: 1
16:29:03 - INFO - 当前任务数: 0, 当前容器组数: 1
16:29:13 - INFO - 当前任务数: 0, 当前容器组数: 1
16:29:23 - INFO - 当前任务数: 0, 当前容器组数: 1
16:29:33 - INFO - 当前任务数: 0, 当前容器组数: 1
16:29:43 - INFO - 当前任务数: 0, 当前容器组数: 1
16:29:53 - INFO - 当前任务数: 0, 当前容器组数: 1
16:30:03 - INFO - 当前任务数: 0, 当前容器组数: 1
16:30:13 - INFO - 当前任务数: 0, 当前容器组数: 1
16:30:23 - INFO - 当前任务数: 0, 当前容器组数: 1
16:30:33 - INFO - 当前任务数: 0, 当前容器组数: 1
16:30:43 - INFO - 当前任务数: 0, 当前容器组数: 1
16:30:53 - INFO - 当前任务数: 0, 当前容器组数: 1
16:31:03 - INFO - 当前任务数: 0, 当前容器组数: 1
16:31:13 - INFO - 当前任务数: 0, 当前容器组数: 1
16:31:24 - INFO - 当前任务数: 0, 当前容器组数: 1
16:31:34 - INFO - 当前任务数: 0, 当前容器组数: 1
16:31:44 - INFO - 当前任务数: 0, 当前容器组数: 1
16:31:54 - INFO - 当前任务数: 0, 当前容器组数: 1
16:32:04 - INFO - 当前任务数: 0, 当前容器组数: 1
16:32:14 - INFO - 当前任务数: 0, 当前容器组数: 1
16:32:24 - INFO - 当前任务数: 0, 当前容器组数: 1
16:32:34 - INFO - 当前任务数: 0, 当前容器组数: 1
16:32:44 - INFO - 当前任务数: 0, 当前容器组数: 1
16:32:54 - INFO - 当前任务数: 0, 当前容器组数: 1
16:33:04 - INFO - 当前任务数: 0, 当前容器组数: 1
16:33:14 - INFO - 当前任务数: 0, 当前容器组数: 1
16:33:24 - INFO - 当前任务数: 0, 当前容器组数: 1
16:33:34 - INFO - 当前任务数: 0, 当前容器组数: 1
16:33:44 - INFO - 当前任务数: 0, 当前容器组数: 1
16:33:54 - INFO - 当前任务数: 0, 当前容器组数: 1
16:34:04 - INFO - 当前任务数: 0, 当前容器组数: 1
16:34:15 - INFO - 当前任务数: 0, 当前容器组数: 1
16:34:25 - INFO - 当前任务数: 0, 当前容器组数: 1
16:34:35 - INFO - 当前任务数: 0, 当前容器组数: 1
16:34:45 - INFO - 当前任务数: 0, 当前容器组数: 1
16:34:55 - INFO - 当前任务数: 0, 当前容器组数: 1
16:35:05 - INFO - 当前任务数: 0, 当前容器组数: 1
16:35:15 - INFO - 当前任务数: 0, 当前容器组数: 1
16:35:25 - INFO - 当前任务数: 0, 当前容器组数: 1
16:35:35 - INFO - 当前任务数: 0, 当前容器组数: 1
16:35:45 - INFO - 当前任务数: 0, 当前容器组数: 1
16:35:55 - INFO - 当前任务数: 0, 当前容器组数: 1
16:36:05 - INFO - 当前任务数: 0, 当前容器组数: 1
16:36:15 - INFO - 当前任务数: 0, 当前容器组数: 1
16:36:25 - INFO - 当前任务数: 0, 当前容器组数: 1
16:36:35 - INFO - 当前任务数: 0, 当前容器组数: 1
16:36:45 - INFO - 当前任务数: 0, 当前容器组数: 1
16:36:56 - INFO - 当前任务数: 0, 当前容器组数: 1
16:37:06 - INFO - 当前任务数: 0, 当前容器组数: 1
16:37:16 - INFO - 当前任务数: 0, 当前容器组数: 1
16:37:26 - INFO - 当前任务数: 0, 当前容器组数: 1
16:37:36 - INFO - 当前任务数: 0, 当前容器组数: 1
16:37:46 - INFO - 当前任务数: 0, 当前容器组数: 1
16:37:56 - INFO - 当前任务数: 0, 当前容器组数: 1
16:38:06 - INFO - 当前任务数: 0, 当前容器组数: 1
16:38:16 - INFO - 当前任务数: 0, 当前容器组数: 1
16:38:26 - INFO - 当前任务数: 0, 当前容器组数: 1
16:38:36 - INFO - 当前任务数: 0, 当前容器组数: 1
16:38:46 - INFO - 当前任务数: 0, 当前容器组数: 1
16:38:56 - INFO - 当前任务数: 0, 当前容器组数: 1
16:39:06 - INFO - 当前任务数: 0, 当前容器组数: 1
16:39:16 - INFO - 当前任务数: 0, 当前容器组数: 1
16:39:26 - INFO - 当前任务数: 0, 当前容器组数: 1
16:39:36 - INFO - 当前任务数: 0, 当前容器组数: 1
16:39:46 - INFO - 当前任务数: 0, 当前容器组数: 1
16:39:57 - INFO - 当前任务数: 0, 当前容器组数: 1
16:40:07 - INFO - 当前任务数: 0, 当前容器组数: 1
16:40:17 - INFO - 当前任务数: 0, 当前容器组数: 1
16:40:27 - INFO - 当前任务数: 0, 当前容器组数: 1
16:40:37 - INFO - 当前任务数: 0, 当前容器组数: 1
16:40:47 - INFO - 当前任务数: 0, 当前容器组数: 1
16:40:57 - INFO - 当前任务数: 0, 当前容器组数: 1
16:41:07 - INFO - 当前任务数: 0, 当前容器组数: 1
16:41:17 - INFO - 当前任务数: 0, 当前容器组数: 1
16:41:27 - INFO - 当前任务数: 0, 当前容器组数: 1
16:41:37 - INFO - 当前任务数: 0, 当前容器组数: 1
16:41:47 - INFO - 当前任务数: 0, 当前容器组数: 1
16:41:57 - INFO - 当前任务数: 0, 当前容器组数: 1
16:42:07 - INFO - 当前任务数: 0, 当前容器组数: 1
16:42:17 - INFO - 当前任务数: 0, 当前容器组数: 1
16:42:28 - INFO - 当前任务数: 0, 当前容器组数: 1
16:42:38 - INFO - 当前任务数: 0, 当前容器组数: 1
16:42:48 - INFO - 当前任务数: 0, 当前容器组数: 1
16:42:58 - INFO - 当前任务数: 0, 当前容器组数: 1
16:43:08 - INFO - 当前任务数: 0, 当前容器组数: 1
16:43:18 - INFO - 当前任务数: 0, 当前容器组数: 1
16:43:28 - INFO - 当前任务数: 0, 当前容器组数: 1
16:43:38 - INFO - 当前任务数: 0, 当前容器组数: 1
16:43:48 - INFO - 当前任务数: 0, 当前容器组数: 1
16:43:58 - INFO - 当前任务数: 0, 当前容器组数: 1
16:44:08 - INFO - 当前任务数: 0, 当前容器组数: 1
16:44:18 - INFO - 当前任务数: 0, 当前容器组数: 1
16:44:28 - INFO - 当前任务数: 0, 当前容器组数: 1
16:44:38 - INFO - 当前任务数: 0, 当前容器组数: 1
16:44:48 - INFO - 当前任务数: 0, 当前容器组数: 1
16:44:58 - INFO - 当前任务数: 0, 当前容器组数: 1
16:45:08 - INFO - 当前任务数: 0, 当前容器组数: 1
16:45:19 - INFO - 当前任务数: 0, 当前容器组数: 1
16:45:29 - INFO - 当前任务数: 0, 当前容器组数: 1
16:45:39 - INFO - 当前任务数: 0, 当前容器组数: 1
16:45:49 - INFO - 当前任务数: 0, 当前容器组数: 1
16:45:59 - INFO - 当前任务数: 0, 当前容器组数: 1
16:46:09 - INFO - 当前任务数: 0, 当前容器组数: 1
16:46:19 - INFO - 当前任务数: 0, 当前容器组数: 1
16:46:29 - INFO - 当前任务数: 0, 当前容器组数: 1
16:46:39 - INFO - 当前任务数: 0, 当前容器组数: 1
16:46:49 - INFO - 当前任务数: 0, 当前容器组数: 1
16:46:59 - INFO - 当前任务数: 0, 当前容器组数: 1
16:47:09 - INFO - 当前任务数: 0, 当前容器组数: 1
16:47:19 - INFO - 当前任务数: 0, 当前容器组数: 1
16:47:29 - INFO - 当前任务数: 0, 当前容器组数: 1
16:47:39 - INFO - 当前任务数: 0, 当前容器组数: 1
16:47:49 - INFO - 当前任务数: 0, 当前容器组数: 1
16:48:00 - INFO - 当前任务数: 0, 当前容器组数: 1
16:48:10 - INFO - 当前任务数: 0, 当前容器组数: 1
16:48:20 - INFO - 当前任务数: 0, 当前容器组数: 1
16:48:30 - INFO - 当前任务数: 0, 当前容器组数: 1
16:48:40 - INFO - 当前任务数: 0, 当前容器组数: 1
16:48:50 - INFO - 当前任务数: 0, 当前容器组数: 1
16:49:00 - INFO - 当前任务数: 0, 当前容器组数: 1
16:49:10 - INFO - 当前任务数: 0, 当前容器组数: 1
16:49:20 - INFO - 当前任务数: 0, 当前容器组数: 1
16:49:30 - INFO - 当前任务数: 0, 当前容器组数: 1
16:49:40 - INFO - 当前任务数: 0, 当前容器组数: 1
16:49:50 - INFO - 当前任务数: 0, 当前容器组数: 1
16:50:00 - INFO - 当前任务数: 0, 当前容器组数: 1
16:50:10 - INFO - 当前任务数: 0, 当前容器组数: 1
16:50:20 - INFO - 当前任务数: 0, 当前容器组数: 1
16:50:30 - INFO - 当前任务数: 0, 当前容器组数: 1
16:50:41 - INFO - 当前任务数: 0, 当前容器组数: 1
16:50:51 - INFO - 当前任务数: 0, 当前容器组数: 1
16:51:01 - INFO - 当前任务数: 0, 当前容器组数: 1
16:51:11 - INFO - 当前任务数: 0, 当前容器组数: 1
16:51:21 - INFO - 当前任务数: 0, 当前容器组数: 1
16:51:31 - INFO - 当前任务数: 0, 当前容器组数: 1
16:51:41 - INFO - 当前任务数: 0, 当前容器组数: 1
16:51:51 - INFO - 当前任务数: 0, 当前容器组数: 1
16:52:01 - INFO - 当前任务数: 0, 当前容器组数: 1
16:52:11 - INFO - 当前任务数: 0, 当前容器组数: 1
16:52:21 - INFO - 当前任务数: 0, 当前容器组数: 1
16:52:31 - INFO - 当前任务数: 0, 当前容器组数: 1
16:52:41 - INFO - 当前任务数: 0, 当前容器组数: 1
16:52:51 - INFO - 当前任务数: 0, 当前容器组数: 1
16:53:01 - INFO - 当前任务数: 0, 当前容器组数: 1
16:53:11 - INFO - 当前任务数: 0, 当前容器组数: 1
16:53:21 - INFO - 当前任务数: 0, 当前容器组数: 1
16:53:32 - INFO - 当前任务数: 0, 当前容器组数: 1
16:53:42 - INFO - 当前任务数: 0, 当前容器组数: 1
16:53:52 - INFO - 当前任务数: 0, 当前容器组数: 1
16:54:02 - INFO - 当前任务数: 0, 当前容器组数: 1
16:54:12 - INFO - 当前任务数: 0, 当前容器组数: 1
16:54:22 - INFO - 当前任务数: 0, 当前容器组数: 1
16:54:32 - INFO - 当前任务数: 0, 当前容器组数: 1
16:54:42 - INFO - 当前任务数: 0, 当前容器组数: 1
16:54:52 - INFO - 当前任务数: 0, 当前容器组数: 1
16:55:02 - INFO - 当前任务数: 0, 当前容器组数: 1
16:55:12 - INFO - 当前任务数: 0, 当前容器组数: 1
16:55:22 - INFO - 当前任务数: 0, 当前容器组数: 1
16:55:32 - INFO - 当前任务数: 0, 当前容器组数: 1
16:55:42 - INFO - 当前任务数: 0, 当前容器组数: 1
16:55:52 - INFO - 当前任务数: 0, 当前容器组数: 1
16:56:02 - INFO - 当前任务数: 0, 当前容器组数: 1
16:56:13 - INFO - 当前任务数: 0, 当前容器组数: 1
16:56:23 - INFO - 当前任务数: 0, 当前容器组数: 1
16:56:33 - INFO - 当前任务数: 0, 当前容器组数: 1
16:56:43 - INFO - 当前任务数: 0, 当前容器组数: 1
16:56:53 - INFO - 当前任务数: 0, 当前容器组数: 1
16:57:03 - INFO - 当前任务数: 0, 当前容器组数: 1
16:57:13 - INFO - 当前任务数: 0, 当前容器组数: 1
16:57:23 - INFO - 当前任务数: 0, 当前容器组数: 1
16:57:33 - INFO - 当前任务数: 0, 当前容器组数: 1
16:57:43 - INFO - 当前任务数: 0, 当前容器组数: 1
16:57:53 - INFO - 当前任务数: 0, 当前容器组数: 1
16:58:03 - INFO - 当前任务数: 0, 当前容器组数: 1
16:58:13 - INFO - 当前任务数: 0, 当前容器组数: 1
16:58:23 - INFO - 当前任务数: 0, 当前容器组数: 1
16:58:33 - INFO - 当前任务数: 0, 当前容器组数: 1
16:58:43 - INFO - 当前任务数: 0, 当前容器组数: 1
16:58:54 - INFO - 当前任务数: 0, 当前容器组数: 1
16:59:04 - INFO - 当前任务数: 0, 当前容器组数: 1
16:59:14 - INFO - 当前任务数: 0, 当前容器组数: 1
16:59:24 - INFO - 当前任务数: 0, 当前容器组数: 1
16:59:34 - INFO - 当前任务数: 0, 当前容器组数: 1
16:59:44 - INFO - 当前任务数: 0, 当前容器组数: 1
16:59:54 - INFO - 当前任务数: 0, 当前容器组数: 1
17:00:04 - INFO - 当前任务数: 0, 当前容器组数: 1
17:00:14 - INFO - 当前任务数: 0, 当前容器组数: 1
17:00:24 - INFO - 当前任务数: 0, 当前容器组数: 1
17:00:34 - INFO - 当前任务数: 0, 当前容器组数: 1
17:00:44 - INFO - 当前任务数: 0, 当前容器组数: 1
17:00:54 - INFO - 当前任务数: 0, 当前容器组数: 1
17:01:04 - INFO - 当前任务数: 0, 当前容器组数: 1
17:01:14 - INFO - 当前任务数: 0, 当前容器组数: 1
17:01:24 - INFO - 当前任务数: 0, 当前容器组数: 1
17:01:35 - INFO - 当前任务数: 0, 当前容器组数: 1
17:01:45 - INFO - 当前任务数: 0, 当前容器组数: 1
17:01:55 - INFO - 当前任务数: 0, 当前容器组数: 1
17:02:05 - INFO - 当前任务数: 0, 当前容器组数: 1
17:02:15 - INFO - 当前任务数: 0, 当前容器组数: 1
17:02:25 - INFO - 当前任务数: 0, 当前容器组数: 1
17:02:35 - INFO - 当前任务数: 0, 当前容器组数: 1
17:02:45 - INFO - 当前任务数: 0, 当前容器组数: 1
17:02:55 - INFO - 当前任务数: 0, 当前容器组数: 1
17:03:05 - INFO - 当前任务数: 0, 当前容器组数: 1
17:03:15 - INFO - 当前任务数: 0, 当前容器组数: 1
17:03:25 - INFO - 当前任务数: 0, 当前容器组数: 1
17:03:35 - INFO - 当前任务数: 0, 当前容器组数: 1
17:03:45 - INFO - 当前任务数: 0, 当前容器组数: 1
17:03:55 - INFO - 当前任务数: 0, 当前容器组数: 1
17:04:05 - INFO - 当前任务数: 0, 当前容器组数: 1
17:04:15 - INFO - 当前任务数: 0, 当前容器组数: 1
17:04:26 - INFO - 当前任务数: 0, 当前容器组数: 1
17:04:36 - INFO - 当前任务数: 0, 当前容器组数: 1
17:04:46 - INFO - 当前任务数: 0, 当前容器组数: 1
17:04:56 - INFO - 当前任务数: 0, 当前容器组数: 1
17:05:06 - INFO - 当前任务数: 0, 当前容器组数: 1
17:05:16 - INFO - 当前任务数: 0, 当前容器组数: 1
17:05:26 - INFO - 当前任务数: 0, 当前容器组数: 1
17:05:36 - INFO - 当前任务数: 0, 当前容器组数: 1
17:05:46 - INFO - 当前任务数: 0, 当前容器组数: 1
17:05:56 - INFO - 当前任务数: 0, 当前容器组数: 1
17:06:06 - INFO - 当前任务数: 0, 当前容器组数: 1
17:06:16 - INFO - 当前任务数: 0, 当前容器组数: 1
17:06:26 - INFO - 当前任务数: 0, 当前容器组数: 1
17:06:36 - INFO - 当前任务数: 0, 当前容器组数: 1
17:06:46 - INFO - 当前任务数: 0, 当前容器组数: 1
17:06:56 - INFO - 当前任务数: 0, 当前容器组数: 1
17:07:07 - INFO - 当前任务数: 0, 当前容器组数: 1
17:07:17 - INFO - 当前任务数: 0, 当前容器组数: 1
17:07:27 - INFO - 当前任务数: 0, 当前容器组数: 1
17:07:37 - INFO - 当前任务数: 0, 当前容器组数: 1
17:07:47 - INFO - 当前任务数: 0, 当前容器组数: 1
17:07:57 - INFO - 当前任务数: 0, 当前容器组数: 1
17:08:07 - INFO - 当前任务数: 0, 当前容器组数: 1
